<?xml version="1.0" encoding="UTF-8"?>
<coverage generated="1590520031775" clover="3.2.0">
  <project timestamp="1590520031776" name="All files">
    <metrics statements="30" coveredstatements="19" conditionals="5" coveredconditionals="0" methods="13" coveredmethods="8" elements="48" coveredelements="27" complexity="0" loc="30" ncloc="30" packages="1" files="3" classes="3"/>
    <file name="usuario.js" path="C:\desarrollo\Maestria\TyH - Ejercicio 4 Testing con  jest\usuario.js">
      <metrics statements="5" coveredstatements="5" conditionals="0" coveredconditionals="0" methods="3" coveredmethods="3"/>
      <line num="4" count="7" type="stmt"/>
      <line num="5" count="7" type="stmt"/>
      <line num="9" count="1" type="stmt"/>
      <line num="13" count="1" type="stmt"/>
      <line num="17" count="3" type="stmt"/>
    </file>
    <file name="vehiculo.js" path="C:\desarrollo\Maestria\TyH - Ejercicio 4 Testing con  jest\vehiculo.js">
      <metrics statements="6" coveredstatements="6" conditionals="0" coveredconditionals="0" methods="3" coveredmethods="3"/>
      <line num="3" count="4" type="stmt"/>
      <line num="4" count="4" type="stmt"/>
      <line num="5" count="4" type="stmt"/>
      <line num="9" count="2" type="stmt"/>
      <line num="13" count="1" type="stmt"/>
      <line num="17" count="2" type="stmt"/>
    </file>
    <file name="viaje.js" path="C:\desarrollo\Maestria\TyH - Ejercicio 4 Testing con  jest\viaje.js">
      <metrics statements="19" coveredstatements="8" conditionals="5" coveredconditionals="0" methods="7" coveredmethods="2"/>
      <line num="4" count="2" type="stmt"/>
      <line num="5" count="2" type="stmt"/>
      <line num="6" count="2" type="stmt"/>
      <line num="7" count="2" type="stmt"/>
      <line num="8" count="2" type="stmt"/>
      <line num="9" count="2" type="stmt"/>
      <line num="13" count="1" type="stmt"/>
      <line num="17" count="0" type="cond" truecount="0" falsecount="2"/>
      <line num="18" count="0" type="stmt"/>
      <line num="19" count="0" type="stmt"/>
      <line num="21" count="0" type="stmt"/>
      <line num="25" count="0" type="stmt"/>
      <line num="29" count="0" type="stmt"/>
      <line num="33" count="0" type="cond" truecount="0" falsecount="2"/>
      <line num="34" count="0" type="stmt"/>
      <line num="35" count="0" type="stmt"/>
      <line num="36" count="0" type="stmt"/>
      <line num="37" count="0" type="stmt"/>
      <line num="42" count="1" type="stmt"/>
    </file>
  </project>
</coverage>
