TN:
SF:usuario.js
FN:3,(anonymous_0)
FN:8,(anonymous_1)
FN:12,(anonymous_2)
FNF:3
FNH:3
FNDA:7,(anonymous_0)
FNDA:1,(anonymous_1)
FNDA:1,(anonymous_2)
DA:4,7
DA:5,7
DA:9,1
DA:13,1
DA:17,3
LF:5
LH:5
BRF:0
BRH:0
end_of_record
TN:
SF:vehiculo.js
FN:2,(anonymous_0)
FN:8,(anonymous_1)
FN:12,(anonymous_2)
FNF:3
FNH:3
FNDA:4,(anonymous_0)
FNDA:2,(anonymous_1)
FNDA:1,(anonymous_2)
DA:3,4
DA:4,4
DA:5,4
DA:9,2
DA:13,1
DA:17,2
LF:6
LH:6
BRF:0
BRH:0
end_of_record
TN:
SF:viaje.js
FN:3,(anonymous_0)
FN:12,(anonymous_1)
FN:16,(anonymous_2)
FN:24,(anonymous_3)
FN:28,(anonymous_4)
FN:32,(anonymous_5)
FN:35,(anonymous_6)
FNF:7
FNH:2
FNDA:2,(anonymous_0)
FNDA:1,(anonymous_1)
FNDA:0,(anonymous_2)
FNDA:0,(anonymous_3)
FNDA:0,(anonymous_4)
FNDA:0,(anonymous_5)
FNDA:0,(anonymous_6)
DA:4,2
DA:5,2
DA:6,2
DA:7,2
DA:8,2
DA:9,2
DA:13,1
DA:17,0
DA:18,0
DA:19,0
DA:21,0
DA:25,0
DA:29,0
DA:33,0
DA:34,0
DA:35,0
DA:36,0
DA:37,0
DA:42,1
LF:19
LH:8
BRDA:3,0,0,0
BRDA:17,1,0,0
BRDA:17,1,1,0
BRDA:33,2,0,0
BRDA:33,2,1,0
BRF:5
BRH:0
end_of_record
